  main.cpp
C:\Users\denni\Documents\CSI-Courses\CSC305\Process-Managment-Lab\Process-Managment\Process.h(16,23): error C2365:  'Process::turnAroundTime': redefinition; previous definition was 'data member'
C:\Users\denni\Documents\CSI-Courses\CSC305\Process-Managment-Lab\Process-Managment\Process.h(8): message :  see declaration of 'Process::turnAroundTime'
C:\Users\denni\Documents\CSI-Courses\CSC305\Process-Managment-Lab\Process-Managment\Process.h(16,25): error C2059:  syntax error: 'return'
C:\Users\denni\Documents\CSI-Courses\CSC305\Process-Managment-Lab\Process-Managment\Process.h(16,46): error C2238:  unexpected token(s) preceding ';'
C:\Users\denni\Documents\CSI-Courses\CSC305\Process-Managment-Lab\Process-Managment\Process.h(17,2): error C2628:  'Process' followed by 'int' is illegal (did you forget a ';'?)
C:\Users\denni\Documents\CSI-Courses\CSC305\Process-Managment-Lab\Process-Managment\Process.h(17,30): error C2065:  'startTime': undeclared identifier
C:\Users\denni\Documents\CSI-Courses\CSC305\Process-Managment-Lab\Process-Managment\Process.h(18,35): error C2065:  'completionTime': undeclared identifier
C:\Users\denni\Documents\CSI-Courses\CSC305\Process-Managment-Lab\Process-Managment\Process.h(19,34): error C2065:  'executionTime': undeclared identifier
C:\Users\denni\Documents\CSI-Courses\CSC305\Process-Managment-Lab\Process-Managment\Process.h(20,32): error C2065:  'arrivalTime': undeclared identifier
C:\Users\denni\Documents\CSI-Courses\CSC305\Process-Managment-Lab\Process-Managment\Process.h(22,37): error C2355:  'this': can only be referenced inside non-static member functions or non-static data member initializers
C:\Users\denni\Documents\CSI-Courses\CSC305\Process-Managment-Lab\Process-Managment\Process.h(23,41): error C2355:  'this': can only be referenced inside non-static member functions or non-static data member initializers
C:\Users\denni\Documents\CSI-Courses\CSC305\Process-Managment-Lab\Process-Managment\Process.h(24,47): error C2355:  'this': can only be referenced inside non-static member functions or non-static data member initializers
C:\Users\denni\Documents\CSI-Courses\CSC305\Process-Managment-Lab\Process-Managment\Process.h(25,37): error C2355:  'this': can only be referenced inside non-static member functions or non-static data member initializers
C:\Users\denni\Documents\CSI-Courses\CSC305\Process-Managment-Lab\Process-Managment\Process.h(26,47): error C2355:  'this': can only be referenced inside non-static member functions or non-static data member initializers
C:\Users\denni\Documents\CSI-Courses\CSC305\Process-Managment-Lab\Process-Managment\Process.h(27,45): error C2355:  'this': can only be referenced inside non-static member functions or non-static data member initializers
C:\Users\denni\Documents\CSI-Courses\CSC305\Process-Managment-Lab\Process-Managment\Process.h(28,41): error C2355:  'this': can only be referenced inside non-static member functions or non-static data member initializers
C:\Users\denni\Documents\CSI-Courses\CSC305\Process-Managment-Lab\Process-Managment\Process.h(30,2): error C2255:  'friend': not allowed outside of a class definition
C:\Users\denni\Documents\CSI-Courses\CSC305\Process-Managment-Lab\Process-Managment\Process.h(32,27): error C2248:  'Process::jobNumber': cannot access private member declared in class 'Process'
C:\Users\denni\Documents\CSI-Courses\CSC305\Process-Managment-Lab\Process-Managment\Process.h(8): message :  see declaration of 'Process::jobNumber'
C:\Users\denni\Documents\CSI-Courses\CSC305\Process-Managment-Lab\Process-Managment\Process.h(5): message :  see declaration of 'Process'
C:\Users\denni\Documents\CSI-Courses\CSC305\Process-Managment-Lab\Process-Managment\Process.h(33,29): error C2248:  'Process::jobPriority': cannot access private member declared in class 'Process'
C:\Users\denni\Documents\CSI-Courses\CSC305\Process-Managment-Lab\Process-Managment\Process.h(8): message :  see declaration of 'Process::jobPriority'
C:\Users\denni\Documents\CSI-Courses\CSC305\Process-Managment-Lab\Process-Managment\Process.h(5): message :  see declaration of 'Process'
C:\Users\denni\Documents\CSI-Courses\CSC305\Process-Managment-Lab\Process-Managment\Process.h(34,29): error C2248:  'Process::arrivalTime': cannot access private member declared in class 'Process'
C:\Users\denni\Documents\CSI-Courses\CSC305\Process-Managment-Lab\Process-Managment\Process.h(8): message :  see declaration of 'Process::arrivalTime'
C:\Users\denni\Documents\CSI-Courses\CSC305\Process-Managment-Lab\Process-Managment\Process.h(5): message :  see declaration of 'Process'
C:\Users\denni\Documents\CSI-Courses\CSC305\Process-Managment-Lab\Process-Managment\Process.h(35,31): error C2248:  'Process::executionTime': cannot access private member declared in class 'Process'
C:\Users\denni\Documents\CSI-Courses\CSC305\Process-Managment-Lab\Process-Managment\Process.h(8): message :  see declaration of 'Process::executionTime'
C:\Users\denni\Documents\CSI-Courses\CSC305\Process-Managment-Lab\Process-Managment\Process.h(5): message :  see declaration of 'Process'
C:\Users\denni\Documents\CSI-Courses\CSC305\Process-Managment-Lab\Process-Managment\Process.h(36,32): error C2248:  'Process::turnAroundTime': cannot access private member declared in class 'Process'
C:\Users\denni\Documents\CSI-Courses\CSC305\Process-Managment-Lab\Process-Managment\Process.h(8): message :  see declaration of 'Process::turnAroundTime'
C:\Users\denni\Documents\CSI-Courses\CSC305\Process-Managment-Lab\Process-Managment\Process.h(5): message :  see declaration of 'Process'
C:\Users\denni\Documents\CSI-Courses\CSC305\Process-Managment-Lab\Process-Managment\Process.h(37,27): error C2248:  'Process::startTime': cannot access private member declared in class 'Process'
C:\Users\denni\Documents\CSI-Courses\CSC305\Process-Managment-Lab\Process-Managment\Process.h(8): message :  see declaration of 'Process::startTime'
C:\Users\denni\Documents\CSI-Courses\CSC305\Process-Managment-Lab\Process-Managment\Process.h(5): message :  see declaration of 'Process'
C:\Users\denni\Documents\CSI-Courses\CSC305\Process-Managment-Lab\Process-Managment\Process.h(38,32): error C2248:  'Process::completionTime': cannot access private member declared in class 'Process'
C:\Users\denni\Documents\CSI-Courses\CSC305\Process-Managment-Lab\Process-Managment\Process.h(8): message :  see declaration of 'Process::completionTime'
C:\Users\denni\Documents\CSI-Courses\CSC305\Process-Managment-Lab\Process-Managment\Process.h(5): message :  see declaration of 'Process'
C:\Users\denni\Documents\CSI-Courses\CSC305\Process-Managment-Lab\Process-Managment\Process.h(42,1): error C2059:  syntax error: '}'
C:\Users\denni\Documents\CSI-Courses\CSC305\Process-Managment-Lab\Process-Managment\Process.h(42,1): error C2143:  syntax error: missing ';' before '}'
